<?xml version="1.0" encoding="UTF-8"?>
<!-- Generated by org.testng.reporters.JUnitXMLReporter -->
<testsuite ignored="0" hostname="PV-HP-laptop" failures="0" tests="5" name="Default test" time="38.098" errors="0" timestamp="2022-05-17T14:35:05 IST">
  <testcase classname="main.TestCases" name="Post" time="11.969"/>
  <testcase classname="main.TestCases" name="Get" time="1.646"/>
  <testcase classname="main.TestCases" name="Put" time="1.708"/>
  <testcase classname="main.TestCases" name="Delete" time="21.021"/>
  <testcase classname="main.TestCases" name="DeleteNegativeScenario" time="1.538"/>
</testsuite> <!-- Default test -->
